03/27/2023 13:20:08 - INSTALL: always: Spawning background process: /usr/bin/php '/home/psadmin/site/site12/html/cacti-1.2.24/install/background.php' 1679890808.9818
03/27/2023 13:20:09 - INSTALL: Checking arguments
03/27/2023 13:20:09 - INSTALL: always: Setting PHP Option max_execution_time = 0
03/27/2023 13:20:09 - INSTALL: always: Setting PHP Option memory_limit = -1
03/27/2023 13:20:09 - INSTALL: always: Starting INSTALL Process for v1.2.24
03/27/2023 13:20:09 - INSTALL: always: No tables where found or selected for conversion
03/27/2023 13:20:09 - INSTALL: always: No templates were selected for import
03/27/2023 13:20:09 - INSTALL-AUTOMATION: always: Setting default data source profile to 5 Minute Collection (1)
03/27/2023 13:20:09 - INSTALL: always: Updating automation network (1), mode "on" => "", subnet "192.168.1.0/24" => 192.168.1.0/24"
03/27/2023 13:20:09 - INSTALL: always: WARNING: Device Template for your Operating System Not Found.  You will need to import Device Templates or Cacti Packages to monitor your Cacti server.
03/27/2023 13:20:09 - INSTALL: always: Repopulating poller cache
03/27/2023 13:20:09 - CMDPHP NOTE: Poller Cache repopulated by cli script
03/27/2023 13:20:09 - INSTALL: always: Repopulating SNMP Agent cache
03/27/2023 13:20:10 - INSTALL: always: Generating RSA Key Pair
03/27/2023 13:20:10 - INSTALL: always: Finished INSTALL Process for v1.2.24
03/27/2023 13:20:10 - INSTALL-SYNC: always: Found 0 poller(s) to sync
03/27/2023 13:20:10 - INSTALL-SYNC: always: No Remote Data Collectors found for full synchronization
03/27/2023 13:20:10 - INSTALL: always: Installation was started at 2023-03-27 04:20:09, completed at 2023-03-27 04:20:10
2023-03-30 08:01:02 - ERROR PHP WARNING: unserialize() expects exactly 1 parameter, 2 given in file: /home/psadmin/site/site12/html/cacti-1.2.24/lib/functions.php  on line: 4466
2023-03-30 08:01:02 - CMDPHP PHP ERROR WARNING Backtrace:  (/host.php[72]:form_actions(), /host.php[302]:sanitize_unserialize_selected_items(), /lib/functions.php[4466]:unserialize(), CactiErrorHandler())
2023-03-30 08:01:22 - ERROR PHP WARNING: unserialize() expects exactly 1 parameter, 2 given in file: /home/psadmin/site/site12/html/cacti-1.2.24/lib/functions.php  on line: 4466
2023-03-30 08:01:22 - CMDPHP PHP ERROR WARNING Backtrace:  (/host.php[72]:form_actions(), /host.php[302]:sanitize_unserialize_selected_items(), /lib/functions.php[4466]:unserialize(), CactiErrorHandler())
2023-03-30 08:01:50 - CMDPHP WARNING: ICMP Ping Error: cacti_gethostbyname failed for Windows - win-jkssmti1tm6
2023-03-30 08:02:55 - ERROR PHP WARNING: unserialize() expects exactly 1 parameter, 2 given in file: /home/psadmin/site/site12/html/cacti-1.2.24/lib/functions.php  on line: 4466
2023-03-30 08:02:55 - CMDPHP PHP ERROR WARNING Backtrace:  (/graphs.php[79]:form_actions(), /graphs.php[559]:sanitize_unserialize_selected_items(), /lib/functions.php[4466]:unserialize(), CactiErrorHandler())
2023-03-30 08:03:06 - ERROR PHP WARNING: unserialize() expects exactly 1 parameter, 2 given in file: /home/psadmin/site/site12/html/cacti-1.2.24/lib/functions.php  on line: 4466
2023-03-30 08:03:06 - CMDPHP PHP ERROR WARNING Backtrace:  (/graphs.php[79]:form_actions(), /graphs.php[559]:sanitize_unserialize_selected_items(), /lib/functions.php[4466]:unserialize(), CactiErrorHandler())
2023-03-30 08:03:21 - ERROR PHP WARNING: unserialize() expects exactly 1 parameter, 2 given in file: /home/psadmin/site/site12/html/cacti-1.2.24/lib/functions.php  on line: 4466
2023-03-30 08:03:21 - CMDPHP PHP ERROR WARNING Backtrace:  (/graphs.php[79]:form_actions(), /graphs.php[559]:sanitize_unserialize_selected_items(), /lib/functions.php[4466]:unserialize(), CactiErrorHandler())
2023-03-30 08:04:14 - ERROR PHP WARNING: unserialize() expects exactly 1 parameter, 2 given in file: /home/psadmin/site/site12/html/cacti-1.2.24/lib/functions.php  on line: 4466
2023-03-30 08:04:14 - CMDPHP PHP ERROR WARNING Backtrace:  (/graphs.php[79]:form_actions(), /graphs.php[559]:sanitize_unserialize_selected_items(), /lib/functions.php[4466]:unserialize(), CactiErrorHandler())
